<?xml version="1.0" encoding="UTF-8"?>
<!-- Generated by org.testng.reporters.JUnitReportReporter -->
<testsuite hostname="DESKTOP-HTDTJ7L" failures="0" tests="1" name="CrudOperationsWithBdd.createProjectTest" time="8.256" errors="0" timestamp="2022-09-02T15:39:08 IST" skipped="0">
  <testcase classname="CrudOperationsWithBdd.createProjectTest" name="create" time="8.256"/>
  <system-out/>
</testsuite> <!-- CrudOperationsWithBdd.createProjectTest -->
