<?xml version="1.0" encoding="UTF-8"?>
<!-- Generated by org.testng.reporters.JUnitReportReporter -->
<testsuite hostname="DESKTOP-HTDTJ7L" failures="0" tests="1" name="CrudOperationsWithBdd.getAllProjectsTest" time="2.857" errors="0" timestamp="2022-09-02T15:45:47 IST" skipped="0">
  <testcase classname="CrudOperationsWithBdd.getAllProjectsTest" name="getAllProject" time="2.857"/>
  <system-out/>
</testsuite> <!-- CrudOperationsWithBdd.getAllProjectsTest -->
