<?xml version="1.0" encoding="UTF-8"?>
<!-- Generated by org.testng.reporters.JUnitReportReporter -->
<testsuite hostname="DESKTOP-HTDTJ7L" failures="0" tests="1" name="differentWaysToPostRequest.createProjectWithJsonObject" time="3.358" errors="0" timestamp="2022-09-02T18:05:28 IST" skipped="0">
  <testcase classname="differentWaysToPostRequest.createProjectWithJsonObject" name="create" time="3.358"/>
  <system-out/>
</testsuite> <!-- differentWaysToPostRequest.createProjectWithJsonObject -->
