<?xml version="1.0" encoding="UTF-8"?>
<!-- Generated by org.testng.reporters.JUnitReportReporter -->
<testsuite hostname="DESKTOP-HTDTJ7L" failures="0" tests="1" name="com.rmg.autentications.basicAuthTest" time="5.372" errors="0" timestamp="2022-09-06T12:24:19 IST" skipped="0">
  <testcase classname="com.rmg.autentications.basicAuthTest" name="basicAuth" time="5.372"/>
  <system-out/>
</testsuite> <!-- com.rmg.autentications.basicAuthTest -->
