<?xml version="1.0" encoding="UTF-8"?>
<!-- Generated by org.testng.reporters.JUnitReportReporter -->
<testsuite hostname="DESKTOP-HTDTJ7L" failures="0" tests="1" name="com.rmg.crudOperationsWithoutBdd.AddProjectTest" time="32.391" errors="0" timestamp="2022-09-01T17:23:00 IST" skipped="0">
  <testcase classname="com.rmg.crudOperationsWithoutBdd.AddProjectTest" name="Create" time="32.391"/>
  <system-out/>
</testsuite> <!-- com.rmg.crudOperationsWithoutBdd.AddProjectTest -->
