<?xml version="1.0" encoding="UTF-8"?>
<!-- Generated by org.testng.reporters.JUnitReportReporter -->
<testsuite hostname="DESKTOP-HTDTJ7L" failures="0" tests="1" name="com.rmg.parameter.queryParamTest" time="3.533" errors="0" timestamp="2022-09-06T12:11:05 IST" skipped="0">
  <testcase classname="com.rmg.parameter.queryParamTest" name="queryParam" time="3.533"/>
  <system-out/>
</testsuite> <!-- com.rmg.parameter.queryParamTest -->
