<?xml version="1.0" encoding="UTF-8"?>
<!-- Generated by org.testng.reporters.JUnitReportReporter -->
<testsuite hostname="DESKTOP-HTDTJ7L" failures="0" tests="1" name="com.reqres.assignments.getUsersReqresTest" time="3.975" errors="0" timestamp="2022-09-05T11:29:47 IST" skipped="0">
  <testcase classname="com.reqres.assignments.getUsersReqresTest" name="get" time="3.975"/>
  <system-out/>
</testsuite> <!-- com.reqres.assignments.getUsersReqresTest -->
