<?xml version="1.0" encoding="UTF-8"?>
<!-- Generated by org.testng.reporters.JUnitReportReporter -->
<testsuite hostname="DESKTOP-HTDTJ7L" failures="0" tests="1" name="com.rmg.request.chaining.requestChainingTest" time="4.515" errors="0" timestamp="2022-09-05T16:51:23 IST" skipped="0">
  <testcase classname="com.rmg.request.chaining.requestChainingTest" name="requestChaining" time="4.515"/>
  <system-out/>
</testsuite> <!-- com.rmg.request.chaining.requestChainingTest -->
