<?xml version="1.0" encoding="UTF-8"?>
<!-- Generated by org.testng.reporters.JUnitReportReporter -->
<testsuite hostname="DESKTOP-HTDTJ7L" failures="0" tests="1" name="differentWaysToPostRequest.createProjectWithHashMapTest" time="3.322" errors="0" timestamp="2022-09-03T10:50:19 IST" skipped="0">
  <testcase classname="differentWaysToPostRequest.createProjectWithHashMapTest" name="create" time="3.322"/>
  <system-out/>
</testsuite> <!-- differentWaysToPostRequest.createProjectWithHashMapTest -->
