<?xml version="1.0" encoding="UTF-8"?>
<!-- Generated by org.testng.reporters.JUnitReportReporter -->
<testsuite hostname="DESKTOP-HTDTJ7L" failures="0" tests="1" name="com.rmg.crudOperationsWithoutBdd.getSingleProject" time="3.044" errors="0" timestamp="2022-09-01T17:44:14 IST" skipped="0">
  <testcase classname="com.rmg.crudOperationsWithoutBdd.getSingleProject" name="getSingleProjec" time="3.044"/>
  <system-out/>
</testsuite> <!-- com.rmg.crudOperationsWithoutBdd.getSingleProject -->
