<?xml version="1.0" encoding="UTF-8"?>
<!-- Generated by org.testng.reporters.JUnitReportReporter -->
<testsuite hostname="DESKTOP-HTDTJ7L" failures="0" tests="1" name="CrudOperationsWithBdd.getSingleProjectTest" time="3.049" errors="0" timestamp="2022-09-02T15:56:23 IST" skipped="0">
  <testcase classname="CrudOperationsWithBdd.getSingleProjectTest" name="getSingleProject" time="3.049"/>
  <system-out/>
</testsuite> <!-- CrudOperationsWithBdd.getSingleProjectTest -->
