<?xml version="1.0" encoding="UTF-8"?>
<!-- Generated by org.testng.reporters.JUnitReportReporter -->
<testsuite hostname="DESKTOP-HTDTJ7L" failures="0" tests="1" name="CrudOperationsWithBdd.deleteProjectTest" time="3.066" errors="0" timestamp="2022-09-02T16:16:56 IST" skipped="0">
  <testcase classname="CrudOperationsWithBdd.deleteProjectTest" name="deleteProject" time="3.066"/>
  <system-out/>
</testsuite> <!-- CrudOperationsWithBdd.deleteProjectTest -->
