<?xml version="1.0" encoding="UTF-8"?>
<!-- Generated by org.testng.reporters.JUnitReportReporter -->
<testsuite hostname="DESKTOP-HTDTJ7L" failures="0" tests="4" name="com.rmg.dataDrivenTesting.addProjectByDataProviderUsingExcelFileTest" time="3.954" errors="0" timestamp="2022-09-03T15:38:33 IST" skipped="0">
  <testcase classname="com.rmg.dataDrivenTesting.addProjectByDataProviderUsingExcelFileTest" name="create" time="0.193"/>
  <system-out/>
  <testcase classname="com.rmg.dataDrivenTesting.addProjectByDataProviderUsingExcelFileTest" name="create" time="3.299"/>
  <system-out/>
  <testcase classname="com.rmg.dataDrivenTesting.addProjectByDataProviderUsingExcelFileTest" name="create" time="0.320"/>
  <system-out/>
  <testcase classname="com.rmg.dataDrivenTesting.addProjectByDataProviderUsingExcelFileTest" name="create" time="0.142"/>
  <system-out/>
</testsuite> <!-- com.rmg.dataDrivenTesting.addProjectByDataProviderUsingExcelFileTest -->
