<?xml version="1.0" encoding="UTF-8"?>
<!-- Generated by org.testng.reporters.JUnitReportReporter -->
<testsuite hostname="DESKTOP-HTDTJ7L" failures="0" tests="1" name="com.rmg.crudOperationsWithoutBdd.UpdateTheProjectTest" time="3.694" errors="0" timestamp="2022-09-01T18:13:48 IST" skipped="0">
  <testcase classname="com.rmg.crudOperationsWithoutBdd.UpdateTheProjectTest" name="Update" time="3.694"/>
  <system-out/>
</testsuite> <!-- com.rmg.crudOperationsWithoutBdd.UpdateTheProjectTest -->
