<?xml version="1.0" encoding="UTF-8"?>
<!-- Generated by org.testng.reporters.JUnitReportReporter -->
<testsuite hostname="DESKTOP-HTDTJ7L" failures="0" tests="1" name="com.rmg.request.chaining.requestChaining2Test" time="5.613" errors="0" timestamp="2022-09-05T17:12:03 IST" skipped="0">
  <testcase classname="com.rmg.request.chaining.requestChaining2Test" name="requesttChaining2" time="5.613"/>
  <system-out/>
</testsuite> <!-- com.rmg.request.chaining.requestChaining2Test -->
