<?xml version="1.0" encoding="UTF-8"?>
<!-- Generated by org.testng.reporters.JUnitReportReporter -->
<testsuite hostname="DESKTOP-HTDTJ7L" failures="0" tests="1" name="com.reqres.assignments.createUsersReqresTest" time="5.219" errors="0" timestamp="2022-09-05T11:09:32 IST" skipped="0">
  <testcase classname="com.reqres.assignments.createUsersReqresTest" name="create" time="5.219"/>
  <system-out/>
</testsuite> <!-- com.reqres.assignments.createUsersReqresTest -->
