<?xml version="1.0" encoding="UTF-8"?>
<!-- Generated by org.testng.reporters.JUnitReportReporter -->
<testsuite hostname="DESKTOP-HTDTJ7L" failures="0" tests="1" name="com.rmg.crudOperationsWithoutBdd.getAllProjectsTest" time="30.769" errors="0" timestamp="2022-09-05T12:39:34 IST" skipped="0">
  <testcase classname="com.rmg.crudOperationsWithoutBdd.getAllProjectsTest" name="getAllProject" time="30.769"/>
  <system-out/>
</testsuite> <!-- com.rmg.crudOperationsWithoutBdd.getAllProjectsTest -->
