<?xml version="1.0" encoding="UTF-8"?>
<!-- Generated by org.testng.reporters.JUnitReportReporter -->
<testsuite hostname="DESKTOP-HTDTJ7L" failures="0" tests="1" name="CrudOperationsWithBdd.updateProjectTest" time="3.567" errors="0" timestamp="2022-09-02T16:10:16 IST" skipped="0">
  <testcase classname="CrudOperationsWithBdd.updateProjectTest" name="UpdateProject" time="3.567"/>
  <system-out/>
</testsuite> <!-- CrudOperationsWithBdd.updateProjectTest -->
