<?xml version="1.0" encoding="UTF-8"?>
<!-- Generated by org.testng.reporters.JUnitReportReporter -->
<testsuite hostname="DESKTOP-HTDTJ7L" failures="0" tests="1" name="crudOperationsUsingGenericUtility.EndToEndTest" time="26.696" errors="0" timestamp="2022-09-07T17:51:36 IST" skipped="0">
  <testcase classname="crudOperationsUsingGenericUtility.EndToEndTest" name="requestChainingAndVerify" time="26.696"/>
  <system-out/>
</testsuite> <!-- crudOperationsUsingGenericUtility.EndToEndTest -->
