<?xml version="1.0" encoding="UTF-8"?>
<!-- Generated by org.testng.reporters.JUnitReportReporter -->
<testsuite hostname="DESKTOP-HTDTJ7L" failures="0" tests="1" name="com.rmg.timeValidation.responseTimeValidationTest" time="2.986" errors="0" timestamp="2022-09-05T15:23:40 IST" skipped="0">
  <testcase classname="com.rmg.timeValidation.responseTimeValidationTest" name="responseTime" time="2.986"/>
  <system-out/>
</testsuite> <!-- com.rmg.timeValidation.responseTimeValidationTest -->
