<?xml version="1.0" encoding="UTF-8"?>
<!-- Generated by org.testng.reporters.JUnitReportReporter -->
<testsuite hostname="DESKTOP-HTDTJ7L" failures="0" tests="1" name="com.rmg.request.chaining.requestChaining_3Test" time="4.359" errors="0" timestamp="2022-09-05T17:37:17 IST" skipped="0">
  <testcase classname="com.rmg.request.chaining.requestChaining_3Test" name="requesChaining3" time="4.359"/>
  <system-out/>
</testsuite> <!-- com.rmg.request.chaining.requestChaining_3Test -->
