<?xml version="1.0" encoding="UTF-8"?>
<!-- Generated by org.testng.reporters.JUnitReportReporter -->
<testsuite hostname="DESKTOP-HTDTJ7L" failures="0" tests="1" name="com.reqres.assignments.createUserUsingBddReqresTest" time="5.441" errors="0" timestamp="2022-09-05T11:20:16 IST" skipped="0">
  <testcase classname="com.reqres.assignments.createUserUsingBddReqresTest" name="create" time="5.441"/>
  <system-out/>
</testsuite> <!-- com.reqres.assignments.createUserUsingBddReqresTest -->
