<?xml version="1.0" encoding="UTF-8"?>
<!-- Generated by org.testng.reporters.JUnitReportReporter -->
<testsuite hostname="DESKTOP-HTDTJ7L" failures="0" tests="1" name="com.rmg.autentications.OAuth2Test" time="5.794" errors="0" timestamp="2022-09-06T16:56:13 IST" skipped="0">
  <testcase classname="com.rmg.autentications.OAuth2Test" name="auth2" time="5.794"/>
  <system-out/>
</testsuite> <!-- com.rmg.autentications.OAuth2Test -->
