<?xml version="1.0" encoding="UTF-8"?>
<!-- Generated by org.testng.reporters.JUnitReportReporter -->
<testsuite hostname="DESKTOP-HTDTJ7L" failures="0" tests="1" name="com.rmg.request.chaining.postGetPuteDeleteJdbcGuiVerifyTest" time="17.476" errors="0" timestamp="2022-09-06T09:26:02 IST" skipped="0">
  <testcase classname="com.rmg.request.chaining.postGetPuteDeleteJdbcGuiVerifyTest" name="requestChainingAndVerify" time="17.476"/>
  <system-out/>
</testsuite> <!-- com.rmg.request.chaining.postGetPuteDeleteJdbcGuiVerifyTest -->
