<?xml version="1.0" encoding="UTF-8"?>
<!-- Generated by org.testng.reporters.JUnitReportReporter -->
<testsuite hostname="DESKTOP-HTDTJ7L" failures="0" tests="1" name="differentWaysToPostRequest.createProjectWithJsonFileTest" time="3.204" errors="0" timestamp="2022-09-03T11:49:12 IST" skipped="0">
  <testcase classname="differentWaysToPostRequest.createProjectWithJsonFileTest" name="create" time="3.204"/>
  <system-out/>
</testsuite> <!-- differentWaysToPostRequest.createProjectWithJsonFileTest -->
