<?xml version="1.0" encoding="UTF-8"?>
<!-- Generated by org.testng.reporters.JUnitReportReporter -->
<testsuite hostname="DESKTOP-HTDTJ7L" failures="0" tests="1" name="com.rmg.responseValidation.dynamicResponseValidation" time="4.423" errors="0" timestamp="2022-09-05T14:43:48 IST" skipped="0">
  <testcase classname="com.rmg.responseValidation.dynamicResponseValidation" name="dynamicVAlidation" time="4.423"/>
  <system-out/>
</testsuite> <!-- com.rmg.responseValidation.dynamicResponseValidation -->
