<?xml version="1.0" encoding="UTF-8"?>
<!-- Generated by org.testng.reporters.JUnitReportReporter -->
<testsuite hostname="DESKTOP-HTDTJ7L" failures="0" tests="1" name="com.rmg.dataDrivenTesting.addProjectUsingDataProviderTest" time="8.505" errors="0" timestamp="2022-09-03T13:27:54 IST" skipped="0">
  <testcase classname="com.rmg.dataDrivenTesting.addProjectUsingDataProviderTest" name="create" time="8.505"/>
  <system-out/>
</testsuite> <!-- com.rmg.dataDrivenTesting.addProjectUsingDataProviderTest -->
