<?xml version="1.0" encoding="UTF-8"?>
<!-- Generated by org.testng.reporters.JUnitReportReporter -->
<testsuite hostname="DESKTOP-HTDTJ7L" failures="0" tests="1" name="com.rmg.responseValidation.staticResponseValidationTest" time="3.805" errors="0" timestamp="2022-09-05T13:32:45 IST" skipped="0">
  <testcase classname="com.rmg.responseValidation.staticResponseValidationTest" name="StaticValidation" time="3.805"/>
  <system-out/>
</testsuite> <!-- com.rmg.responseValidation.staticResponseValidationTest -->
