<?xml version="1.0" encoding="UTF-8"?>
<!-- Generated by org.testng.reporters.JUnitReportReporter -->
<testsuite hostname="DESKTOP-HTDTJ7L" failures="0" tests="1" name="differentWaysToPostRequest.createProjectTest" time="3.859" errors="0" timestamp="2022-09-02T17:20:10 IST" skipped="0">
  <testcase classname="differentWaysToPostRequest.createProjectTest" name="createProject" time="3.859"/>
  <system-out/>
</testsuite> <!-- differentWaysToPostRequest.createProjectTest -->
