<?xml version="1.0" encoding="UTF-8"?>
<!-- Generated by org.testng.reporters.JUnitReportReporter -->
<testsuite hostname="DESKTOP-HTDTJ7L" failures="0" tests="2" name="com.rmg.autentications.diffrentWaysOfBasicAuthTest" time="3.249" errors="0" timestamp="2022-09-06T12:40:28 IST" skipped="0">
  <testcase classname="com.rmg.autentications.diffrentWaysOfBasicAuthTest" name="digestAuth" time="0.331"/>
  <system-out/>
  <testcase classname="com.rmg.autentications.diffrentWaysOfBasicAuthTest" name="PreemtiveAuth" time="2.918"/>
  <system-out/>
</testsuite> <!-- com.rmg.autentications.diffrentWaysOfBasicAuthTest -->
