<?xml version="1.0" encoding="UTF-8"?>
<!-- Generated by org.testng.reporters.JUnitReportReporter -->
<testsuite hostname="DESKTOP-HTDTJ7L" failures="0" tests="1" name="com.rmg.parameter.pathParameterTest" time="3.576" errors="0" timestamp="2022-09-06T12:10:40 IST" skipped="0">
  <testcase classname="com.rmg.parameter.pathParameterTest" name="pathParam" time="3.576"/>
  <system-out/>
</testsuite> <!-- com.rmg.parameter.pathParameterTest -->
