<?xml version="1.0" encoding="UTF-8"?>
<!-- Generated by org.testng.reporters.JUnitReportReporter -->
<testsuite hostname="DESKTOP-HTDTJ7L" failures="0" tests="1" name="com.rmg.crudOperationsWithoutBdd.deleteProjectTest" time="3.935" errors="0" timestamp="2022-09-02T11:00:45 IST" skipped="0">
  <testcase classname="com.rmg.crudOperationsWithoutBdd.deleteProjectTest" name="delete" time="3.935"/>
  <system-out/>
</testsuite> <!-- com.rmg.crudOperationsWithoutBdd.deleteProjectTest -->
